c:\users\bth\downloads\två versioner rtv - copy\två versioner rtv\realtimeviewer oo\realtimeviewer\release\vc120.pdb
c:\users\bth\downloads\två versioner rtv - copy\två versioner rtv\realtimeviewer oo\realtimeviewer\release\source.obj
f:\realtimeviewer\realtimeviewer oo\realtimeviewer\release\vc120.pdb
f:\realtimeviewer\realtimeviewer oo\realtimeviewer\release\textureclass.obj
f:\realtimeviewer\realtimeviewer oo\realtimeviewer\release\source.obj
f:\realtimeviewer\realtimeviewer oo\realtimeviewer\release\shadershader.obj
f:\realtimeviewer\realtimeviewer oo\realtimeviewer\release\realtimeviewer.obj
f:\realtimeviewer\realtimeviewer oo\realtimeviewer\release\modelclass.obj
f:\realtimeviewer\realtimeviewer oo\realtimeviewer\release\lightclass.obj
f:\realtimeviewer\realtimeviewer oo\realtimeviewer\release\filemapping.obj
f:\realtimeviewer\realtimeviewer oo\realtimeviewer\release\d3dclass.obj
f:\realtimeviewer\realtimeviewer oo\realtimeviewer\release\cameraclass.obj
c:\users\bth\downloads\två versioner rtv - copy\två versioner rtv\realtimeviewer oo\release\realtimeviewer.exe
c:\users\bth\downloads\två versioner rtv - copy\två versioner rtv\realtimeviewer oo\release\realtimeviewer.pdb
f:\realtimeviewer\realtimeviewer oo\release\realtimeviewer.exe
f:\realtimeviewer\realtimeviewer oo\release\realtimeviewer.pdb
c:\users\bth\desktop\realtimeviewer oo\realtimeviewer\release\realtimeviewer.tlog\cl.command.1.tlog
c:\users\bth\desktop\realtimeviewer oo\realtimeviewer\release\realtimeviewer.tlog\cl.read.1.tlog
c:\users\bth\desktop\realtimeviewer oo\realtimeviewer\release\realtimeviewer.tlog\cl.write.1.tlog
c:\users\bth\desktop\realtimeviewer oo\realtimeviewer\release\realtimeviewer.tlog\link.command.1.tlog
c:\users\bth\desktop\realtimeviewer oo\realtimeviewer\release\realtimeviewer.tlog\link.read.1.tlog
c:\users\bth\desktop\realtimeviewer oo\realtimeviewer\release\realtimeviewer.tlog\link.write.1.tlog
