Build started 3/23/2016 11:43:51 AM.
     1>Project "C:\Temp\RTVGIT\Real-Time-Viewer\RealTimeViewer OO\RealTimeViewer\RealTimeViewer.vcxproj" on node 2 (Rebuild target(s)).
     1>ClCompile:
         C:\Program Files (x86)\Microsoft Visual Studio 12.0\VC\bin\x86_amd64\CL.exe /c /I"C:\Temp\RTVGIT\Real-Time-Viewer\RealTimeViewer OO\packages\directxtk_desktop_2013.2015.7.29.1\build\native\../../build/native/include/" /Zi /nologo /W1 /WX- /O2 /D HAS_DIRECTXTK /D _USING_V110_SDK71_ /Gm- /EHsc /MD /GS /fp:precise /Zc:wchar_t /Zc:forScope /Fo"x64\Release\\" /Fd"x64\Release\vc120.pdb" /Gd /TP /errorReport:prompt cameraClass.cpp d3dclass.cpp fileMapping.cpp lightClass.cpp materialClass.cpp modelClass.cpp realTimeViewer.cpp ShaderShader.cpp Source.cpp textureClass.cpp
         cameraClass.cpp
     1>c:\temp\rtvgit\real-time-viewer\realtimeviewer oo\realtimeviewer\cameraclass.h(5): fatal error C1083: Cannot open include file: 'DirectXMath.h': No such file or directory
         d3dclass.cpp
     1>c:\temp\rtvgit\real-time-viewer\realtimeviewer oo\realtimeviewer\d3dclass.h(7): fatal error C1083: Cannot open include file: 'DirectXMath.h': No such file or directory
         fileMapping.cpp
     1>c:\temp\rtvgit\real-time-viewer\realtimeviewer oo\realtimeviewer\fileMapping.h(6): fatal error C1083: Cannot open include file: 'DirectXMath.h': No such file or directory
         lightClass.cpp
     1>c:\temp\rtvgit\real-time-viewer\realtimeviewer oo\realtimeviewer\lightclass.h(4): fatal error C1083: Cannot open include file: 'DirectXMath.h': No such file or directory
         materialClass.cpp
     1>c:\temp\rtvgit\real-time-viewer\realtimeviewer oo\realtimeviewer\materialClass.h(5): fatal error C1083: Cannot open include file: 'DirectXMath.h': No such file or directory
         modelClass.cpp
     1>c:\temp\rtvgit\real-time-viewer\realtimeviewer oo\realtimeviewer\ModelClass.h(5): fatal error C1083: Cannot open include file: 'DirectXMath.h': No such file or directory
         realTimeViewer.cpp
     1>c:\temp\rtvgit\real-time-viewer\realtimeviewer oo\realtimeviewer\d3dclass.h(7): fatal error C1083: Cannot open include file: 'DirectXMath.h': No such file or directory
         ShaderShader.cpp
     1>c:\temp\rtvgit\real-time-viewer\realtimeviewer oo\realtimeviewer\ShaderShader.h(5): fatal error C1083: Cannot open include file: 'DirectXMath.h': No such file or directory
         Source.cpp
     1>c:\temp\rtvgit\real-time-viewer\realtimeviewer oo\realtimeviewer\d3dclass.h(7): fatal error C1083: Cannot open include file: 'DirectXMath.h': No such file or directory
         textureClass.cpp
     1>C:\Temp\RTVGIT\Real-Time-Viewer\RealTimeViewer OO\packages\directxtk_desktop_2013.2015.7.29.1\build\native\include\DDSTextureLoader.h(26): fatal error C1083: Cannot open include file: 'd3d11_1.h': No such file or directory
         Generating Code...
     1>Done Building Project "C:\Temp\RTVGIT\Real-Time-Viewer\RealTimeViewer OO\RealTimeViewer\RealTimeViewer.vcxproj" (Rebuild target(s)) -- FAILED.

Build FAILED.

Time Elapsed 00:00:01.73
