c:\questionbox\documents\school\rtv\real-time-viewer\project debug - copy\mayaplugin\x64\debug\vc140.pdb
c:\questionbox\documents\school\rtv\real-time-viewer\project debug - copy\mayaplugin\x64\debug\source.obj
c:\questionbox\documents\school\rtv\real-time-viewer\project debug - copy\mayaplugin\x64\debug\sharedmem.obj
c:\questionbox\documents\school\rtv\real-time-viewer\project debug - copy\x64\debug\mayaplugin.ilk
c:\questionbox\documents\school\rtv\real-time-viewer\project debug - copy\x64\debug\mayaplugin.mll
c:\questionbox\documents\school\rtv\real-time-viewer\project debug - copy\x64\debug\mayaplugin.pdb
c:\temp\rtvgit\real-time-viewer\project debug - copy\x64\debug\mayaplugin.lib
c:\temp\rtvgit\real-time-viewer\project debug - copy\x64\debug\mayaplugin.exp
c:\temp\rtvgit\real-time-viewer\project debug - copy\mayaplugin\x64\debug\sharedmem.obj
c:\temp\rtvgit\real-time-viewer\project debug - copy\mayaplugin\x64\debug\source.obj
c:\temp\rtvgit\real-time-viewer\project debug - copy\mayaplugin\x64\debug\vc140.pdb
c:\temp\rtvgit\real-time-viewer\project debug - copy\x64\debug\mayaplugin.pdb
c:\temp\rtvgit\real-time-viewer\project debug - copy\x64\debug\mayaplugin.mll
c:\temp\rtvgit\real-time-viewer\project debug - copy\x64\debug\mayaplugin.ilk
c:\temp\rtvgit\real-time-viewer\project debug - copy\mayaplugin\x64\debug\mayaplugin.tlog\cl.command.1.tlog
c:\temp\rtvgit\real-time-viewer\project debug - copy\mayaplugin\x64\debug\mayaplugin.tlog\cl.read.1.tlog
c:\temp\rtvgit\real-time-viewer\project debug - copy\mayaplugin\x64\debug\mayaplugin.tlog\cl.write.1.tlog
c:\temp\rtvgit\real-time-viewer\project debug - copy\mayaplugin\x64\debug\mayaplugin.tlog\link.command.1.tlog
c:\temp\rtvgit\real-time-viewer\project debug - copy\mayaplugin\x64\debug\mayaplugin.tlog\link.read.1.tlog
c:\temp\rtvgit\real-time-viewer\project debug - copy\mayaplugin\x64\debug\mayaplugin.tlog\link.write.1.tlog
c:\temp\rtvgit\real-time-viewer\project debug - copy\mayaplugin\x64\debug\mayaplugin.tlog\mayaplugin.write.1u.tlog
